2022-10-06T16:00:02.479Z: Ci::StuckBuilds::DropPendingService: Cleaning pending timed-out builds
2022-10-06T16:00:02.525Z: Refreshing trending projects
2022-10-06T16:20:06.596Z: Ci::StuckBuilds::DropRunningService: Cleaning running, timed-out builds
2022-10-06T16:35:20.223Z: ActiveRecord connection established
2022-10-06T16:36:20.217Z: ActiveRecord connection established
2022-10-06T16:37:20.233Z: ActiveRecord connection established
2022-10-06T16:38:20.231Z: ActiveRecord connection established
2022-10-06T16:40:05.546Z: Ci::StuckBuilds::DropScheduledService: Cleaning scheduled, timed-out builds
2022-10-06T17:00:28.280Z: Ci::StuckBuilds::DropPendingService: Cleaning pending timed-out builds
2022-10-06T17:20:30.582Z: Ci::StuckBuilds::DropRunningService: Cleaning running, timed-out builds
2022-10-06T17:40:29.798Z: Ci::StuckBuilds::DropScheduledService: Cleaning scheduled, timed-out builds
2022-10-06T18:00:28.954Z: Ci::StuckBuilds::DropPendingService: Cleaning pending timed-out builds
2022-10-06T18:20:29.191Z: Ci::StuckBuilds::DropRunningService: Cleaning running, timed-out builds
2022-10-06T18:40:32.274Z: Ci::StuckBuilds::DropScheduledService: Cleaning scheduled, timed-out builds
2022-10-06T19:00:05.678Z: Ci::StuckBuilds::DropPendingService: Cleaning pending timed-out builds
2022-10-06T19:20:08.296Z: Ci::StuckBuilds::DropRunningService: Cleaning running, timed-out builds
2022-10-06T19:40:06.698Z: Ci::StuckBuilds::DropScheduledService: Cleaning scheduled, timed-out builds
2022-10-06T20:00:35.721Z: Ci::StuckBuilds::DropPendingService: Cleaning pending timed-out builds
2022-10-06T20:20:37.651Z: Ci::StuckBuilds::DropRunningService: Cleaning running, timed-out builds
2022-10-06T20:40:35.895Z: Ci::StuckBuilds::DropScheduledService: Cleaning scheduled, timed-out builds
2022-10-06T21:00:04.488Z: Ci::StuckBuilds::DropPendingService: Cleaning pending timed-out builds
2022-10-06T21:20:05.775Z: Ci::StuckBuilds::DropRunningService: Cleaning running, timed-out builds
2022-10-06T21:21:06.334Z: {:message=>"Syncing dynamic postgres partitions"}
2022-10-06T21:21:06.336Z: {:message=>"Switched database connection", :connection_name=>"main"}
2022-10-06T21:21:06.336Z: {:message=>"Checking state of dynamic postgres partitions", :table_name=>"audit_events"}
2022-10-06T21:21:06.473Z: {:message=>"Switched database connection", :connection_name=>"main"}
2022-10-06T21:21:06.473Z: {:message=>"Checking state of dynamic postgres partitions", :table_name=>"web_hook_logs"}
2022-10-06T21:21:06.486Z: {:message=>"Switched database connection", :connection_name=>"main"}
2022-10-06T21:21:06.486Z: {:message=>"Checking state of dynamic postgres partitions", :table_name=>"incident_management_pending_alert_escalations"}
2022-10-06T21:21:06.498Z: {:message=>"Switched database connection", :connection_name=>"main"}
2022-10-06T21:21:06.498Z: {:message=>"Checking state of dynamic postgres partitions", :table_name=>"incident_management_pending_issue_escalations"}
2022-10-06T21:21:06.510Z: {:message=>"Switched database connection", :connection_name=>"main"}
2022-10-06T21:21:06.510Z: {:message=>"Checking state of dynamic postgres partitions", :table_name=>"verification_codes"}
2022-10-06T21:21:06.521Z: {:message=>"Finished sync of dynamic postgres partitions"}
2022-10-06T21:21:06.522Z: {:message=>"Switched database connection", :connection_name=>"main"}
2022-10-06T21:21:06.528Z: {:message=>"Switched database connection", :connection_name=>"main"}
2022-10-06T21:40:07.077Z: Ci::StuckBuilds::DropScheduledService: Cleaning scheduled, timed-out builds
2022-10-06T22:00:05.250Z: Ci::StuckBuilds::DropPendingService: Cleaning pending timed-out builds
2022-10-06T22:20:05.890Z: Ci::StuckBuilds::DropRunningService: Cleaning running, timed-out builds
2022-10-06T22:40:09.510Z: Ci::StuckBuilds::DropScheduledService: Cleaning scheduled, timed-out builds
2022-10-06T23:00:25.612Z: Ci::StuckBuilds::DropPendingService: Cleaning pending timed-out builds
2022-10-06T23:20:30.647Z: Ci::StuckBuilds::DropRunningService: Cleaning running, timed-out builds
2022-10-06T23:40:26.851Z: Ci::StuckBuilds::DropScheduledService: Cleaning scheduled, timed-out builds
2022-10-07T00:00:16.189Z: Ci::StuckBuilds::DropPendingService: Cleaning pending timed-out builds
2022-10-07T00:11:35.173Z: Instantiating Gitlab::Auth::Ldap::Person with LDIF:
dn: cn=lin,ou=adminuser,dc=rinrin,dc=net
cn: lin
samaccountname: lin
userprincipalname: lin@rinrin.net

2022-10-07T00:20:17.659Z: Ci::StuckBuilds::DropRunningService: Cleaning running, timed-out builds
2022-10-07T00:40:19.039Z: Ci::StuckBuilds::DropScheduledService: Cleaning scheduled, timed-out builds
2022-10-07T01:00:18.293Z: Ci::StuckBuilds::DropPendingService: Cleaning pending timed-out builds
2022-10-07T01:20:18.619Z: Ci::StuckBuilds::DropRunningService: Cleaning running, timed-out builds
2022-10-07T01:40:20.581Z: Ci::StuckBuilds::DropScheduledService: Cleaning scheduled, timed-out builds
2022-10-07T02:00:30.803Z: Ci::StuckBuilds::DropPendingService: Cleaning pending timed-out builds
2022-10-07T02:20:32.079Z: Ci::StuckBuilds::DropRunningService: Cleaning running, timed-out builds
2022-10-07T02:40:30.868Z: Ci::StuckBuilds::DropScheduledService: Cleaning scheduled, timed-out builds
2022-10-07T03:00:01.865Z: Ci::StuckBuilds::DropPendingService: Cleaning pending timed-out builds
2022-10-07T03:20:02.266Z: Ci::StuckBuilds::DropRunningService: Cleaning running, timed-out builds
2022-10-07T03:21:20.040Z: {:message=>"Syncing dynamic postgres partitions"}
2022-10-07T03:21:20.041Z: {:message=>"Switched database connection", :connection_name=>"main"}
2022-10-07T03:21:20.044Z: {:message=>"Checking state of dynamic postgres partitions", :table_name=>"audit_events"}
2022-10-07T03:21:20.060Z: {:message=>"Switched database connection", :connection_name=>"main"}
2022-10-07T03:21:20.060Z: {:message=>"Checking state of dynamic postgres partitions", :table_name=>"web_hook_logs"}
2022-10-07T03:21:20.073Z: {:message=>"Switched database connection", :connection_name=>"main"}
2022-10-07T03:21:20.073Z: {:message=>"Checking state of dynamic postgres partitions", :table_name=>"incident_management_pending_alert_escalations"}
2022-10-07T03:21:20.084Z: {:message=>"Switched database connection", :connection_name=>"main"}
2022-10-07T03:21:20.085Z: {:message=>"Checking state of dynamic postgres partitions", :table_name=>"incident_management_pending_issue_escalations"}
2022-10-07T03:21:20.096Z: {:message=>"Switched database connection", :connection_name=>"main"}
2022-10-07T03:21:20.097Z: {:message=>"Checking state of dynamic postgres partitions", :table_name=>"verification_codes"}
2022-10-07T03:21:20.108Z: {:message=>"Finished sync of dynamic postgres partitions"}
2022-10-07T03:21:20.108Z: {:message=>"Switched database connection", :connection_name=>"main"}
2022-10-07T03:21:20.115Z: {:message=>"Switched database connection", :connection_name=>"main"}
2022-10-07T03:40:07.020Z: Ci::StuckBuilds::DropScheduledService: Cleaning scheduled, timed-out builds
2022-10-07T03:45:04.901Z: {:message=>"Dropping detached postgres partitions"}
2022-10-07T03:45:04.902Z: {:message=>"Switched database connection", :connection_name=>"main"}
2022-10-07T03:45:04.911Z: {:message=>"Finished dropping detached postgres partitions"}
2022-10-07T03:45:04.912Z: {:message=>"Switched database connection", :connection_name=>"main"}
2022-10-07T03:45:04.983Z: {:message=>"Switched database connection", :connection_name=>"main"}
2022-10-07T04:00:09.418Z: Ci::StuckBuilds::DropPendingService: Cleaning pending timed-out builds
2022-10-07T04:20:10.167Z: Ci::StuckBuilds::DropRunningService: Cleaning running, timed-out builds
2022-10-07T04:34:17.715Z: Instantiating Gitlab::Auth::Ldap::Person with LDIF:
dn: cn=lin,ou=adminuser,dc=rinrin,dc=net
cn: lin
samaccountname: lin
userprincipalname: lin@rinrin.net

2022-10-07T04:36:22.845Z: Cannot obtain an exclusive lease for ci/pipeline_processing/atomic_processing_service::pipeline_id:1. There must be another instance already in execution.
2022-10-07T04:36:22.879Z: Cannot obtain an exclusive lease for ci/pipeline_processing/atomic_processing_service::pipeline_id:1. There must be another instance already in execution.
2022-10-07T04:36:22.906Z: Cannot obtain an exclusive lease for ci/pipeline_processing/atomic_processing_service::pipeline_id:1. There must be another instance already in execution.
2022-10-07T04:36:22.944Z: Cannot obtain an exclusive lease for ci/pipeline_processing/atomic_processing_service::pipeline_id:1. There must be another instance already in execution.
2022-10-07T04:36:22.965Z: Cannot obtain an exclusive lease for ci/pipeline_processing/atomic_processing_service::pipeline_id:1. There must be another instance already in execution.
2022-10-07T04:36:29.441Z: Cannot obtain an exclusive lease for ci/pipeline_processing/atomic_processing_service::pipeline_id:1. There must be another instance already in execution.
2022-10-07T04:36:29.453Z: Cannot obtain an exclusive lease for ci/pipeline_processing/atomic_processing_service::pipeline_id:1. There must be another instance already in execution.
2022-10-07T04:40:15.128Z: Ci::StuckBuilds::DropScheduledService: Cleaning scheduled, timed-out builds
2022-10-07T05:00:12.534Z: Ci::StuckBuilds::DropPendingService: Cleaning pending timed-out builds
2022-10-07T05:20:13.719Z: Ci::StuckBuilds::DropRunningService: Cleaning running, timed-out builds
2022-10-07T05:34:26.561Z: Instantiating Gitlab::Auth::Ldap::Person with LDIF:
dn: cn=lin,ou=adminuser,dc=rinrin,dc=net
cn: lin
samaccountname: lin
userprincipalname: lin@rinrin.net

2022-10-07T05:38:06.400Z: ActiveRecord connection established
2022-10-07T05:39:06.394Z: ActiveRecord connection established
2022-10-07T05:40:06.384Z: ActiveRecord connection established
2022-10-07T05:40:13.836Z: Ci::StuckBuilds::DropScheduledService: Cleaning scheduled, timed-out builds
2022-10-07T05:41:06.378Z: ActiveRecord connection established
2022-10-07T06:00:08.147Z: Ci::StuckBuilds::DropPendingService: Cleaning pending timed-out builds
2022-10-07T06:00:08.252Z: Ci::StuckBuilds::DropPendingService: Dropping stuck build 11 for runner  (status: pending, failure_reason: stuck_or_timeout_failure)
2022-10-07T06:00:08.433Z: Ci::StuckBuilds::DropPendingService: Dropping stuck build 12 for runner  (status: pending, failure_reason: stuck_or_timeout_failure)
2022-10-07T06:00:08.501Z: Ci::StuckBuilds::DropPendingService: Dropping stuck build 13 for runner  (status: pending, failure_reason: stuck_or_timeout_failure)
2022-10-07T06:00:08.538Z: Cannot obtain an exclusive lease for ci/pipeline_processing/atomic_processing_service::pipeline_id:1. There must be another instance already in execution.
2022-10-07T06:00:08.610Z: Cannot obtain an exclusive lease for ci/pipeline_processing/atomic_processing_service::pipeline_id:1. There must be another instance already in execution.
2022-10-07T06:00:08.638Z: Cannot obtain an exclusive lease for ci/pipeline_processing/atomic_processing_service::pipeline_id:1. There must be another instance already in execution.
2022-10-07T06:00:08.758Z: Cannot obtain an exclusive lease for ci/pipeline_processing/atomic_processing_service::pipeline_id:1. There must be another instance already in execution.
2022-10-07T06:00:08.809Z: Cannot obtain an exclusive lease for ci/pipeline_processing/atomic_processing_service::pipeline_id:1. There must be another instance already in execution.
2022-10-07T06:00:08.847Z: Cannot obtain an exclusive lease for ci/pipeline_processing/atomic_processing_service::pipeline_id:1. There must be another instance already in execution.
2022-10-07T06:00:08.865Z: Cannot obtain an exclusive lease for ci/pipeline_processing/atomic_processing_service::pipeline_id:1. There must be another instance already in execution.
2022-10-07T06:00:08.878Z: Cannot obtain an exclusive lease for ci/pipeline_processing/atomic_processing_service::pipeline_id:1. There must be another instance already in execution.
2022-10-07T06:20:14.877Z: Ci::StuckBuilds::DropRunningService: Cleaning running, timed-out builds
2022-10-07T06:34:35.522Z: Instantiating Gitlab::Auth::Ldap::Person with LDIF:
dn: cn=lin,ou=adminuser,dc=rinrin,dc=net
cn: lin
samaccountname: lin
userprincipalname: lin@rinrin.net

2022-10-07T06:40:09.340Z: Ci::StuckBuilds::DropScheduledService: Cleaning scheduled, timed-out builds
2022-10-07T07:00:07.142Z: Ci::StuckBuilds::DropPendingService: Cleaning pending timed-out builds
2022-10-07T07:20:08.116Z: Ci::StuckBuilds::DropRunningService: Cleaning running, timed-out builds
2022-10-07T07:40:09.017Z: Ci::StuckBuilds::DropScheduledService: Cleaning scheduled, timed-out builds
2022-10-07T08:00:33.119Z: Ci::StuckBuilds::DropPendingService: Cleaning pending timed-out builds
2022-10-07T08:20:34.839Z: Ci::StuckBuilds::DropRunningService: Cleaning running, timed-out builds
2022-10-07T08:40:38.318Z: Ci::StuckBuilds::DropScheduledService: Cleaning scheduled, timed-out builds
2022-10-07T09:00:13.659Z: Ci::StuckBuilds::DropPendingService: Cleaning pending timed-out builds
2022-10-07T09:12:27.911Z: Instantiating Gitlab::Auth::Ldap::Person with LDIF:
dn: cn=lin,ou=adminuser,dc=rinrin,dc=net
cn: lin
samaccountname: lin
userprincipalname: lin@rinrin.net

2022-10-07T09:20:15.923Z: Ci::StuckBuilds::DropRunningService: Cleaning running, timed-out builds
2022-10-07T09:21:04.803Z: {:message=>"Syncing dynamic postgres partitions"}
2022-10-07T09:21:04.805Z: {:message=>"Switched database connection", :connection_name=>"main"}
2022-10-07T09:21:04.807Z: {:message=>"Checking state of dynamic postgres partitions", :table_name=>"audit_events"}
2022-10-07T09:21:04.918Z: {:message=>"Switched database connection", :connection_name=>"main"}
2022-10-07T09:21:04.919Z: {:message=>"Checking state of dynamic postgres partitions", :table_name=>"web_hook_logs"}
2022-10-07T09:21:04.931Z: {:message=>"Switched database connection", :connection_name=>"main"}
2022-10-07T09:21:04.931Z: {:message=>"Checking state of dynamic postgres partitions", :table_name=>"incident_management_pending_alert_escalations"}
2022-10-07T09:21:04.943Z: {:message=>"Switched database connection", :connection_name=>"main"}
2022-10-07T09:21:04.943Z: {:message=>"Checking state of dynamic postgres partitions", :table_name=>"incident_management_pending_issue_escalations"}
2022-10-07T09:21:04.954Z: {:message=>"Switched database connection", :connection_name=>"main"}
2022-10-07T09:21:04.954Z: {:message=>"Checking state of dynamic postgres partitions", :table_name=>"verification_codes"}
2022-10-07T09:21:04.966Z: {:message=>"Finished sync of dynamic postgres partitions"}
2022-10-07T09:21:04.966Z: {:message=>"Switched database connection", :connection_name=>"main"}
2022-10-07T09:21:04.972Z: {:message=>"Switched database connection", :connection_name=>"main"}
2022-10-07T09:40:18.168Z: Ci::StuckBuilds::DropScheduledService: Cleaning scheduled, timed-out builds
2022-10-07T10:00:02.441Z: Ci::StuckBuilds::DropPendingService: Cleaning pending timed-out builds
2022-10-07T10:20:03.438Z: Ci::StuckBuilds::DropRunningService: Cleaning running, timed-out builds
2022-10-07T10:40:03.505Z: Ci::StuckBuilds::DropScheduledService: Cleaning scheduled, timed-out builds
2022-10-07T11:00:18.396Z: Ci::StuckBuilds::DropPendingService: Cleaning pending timed-out builds
2022-10-07T11:20:20.863Z: Ci::StuckBuilds::DropRunningService: Cleaning running, timed-out builds
2022-10-07T11:40:21.651Z: Ci::StuckBuilds::DropScheduledService: Cleaning scheduled, timed-out builds
2022-10-07T12:00:22.708Z: Ci::StuckBuilds::DropPendingService: Cleaning pending timed-out builds
2022-10-07T12:20:27.570Z: Ci::StuckBuilds::DropRunningService: Cleaning running, timed-out builds
2022-10-07T12:40:23.850Z: Ci::StuckBuilds::DropScheduledService: Cleaning scheduled, timed-out builds
2022-10-07T13:00:39.132Z: Ci::StuckBuilds::DropPendingService: Cleaning pending timed-out builds
2022-10-07T13:20:41.843Z: Ci::StuckBuilds::DropRunningService: Cleaning running, timed-out builds
2022-10-07T13:40:42.094Z: Ci::StuckBuilds::DropScheduledService: Cleaning scheduled, timed-out builds
2022-10-07T14:00:03.764Z: Ci::StuckBuilds::DropPendingService: Cleaning pending timed-out builds
2022-10-07T14:20:04.513Z: Ci::StuckBuilds::DropRunningService: Cleaning running, timed-out builds
2022-10-07T14:40:04.066Z: Ci::StuckBuilds::DropScheduledService: Cleaning scheduled, timed-out builds
2022-10-07T15:00:16.628Z: Ci::StuckBuilds::DropPendingService: Cleaning pending timed-out builds
2022-10-07T15:07:38.502Z: Instantiating Gitlab::Auth::Ldap::Person with LDIF:
dn: cn=lin,ou=adminuser,dc=rinrin,dc=net
cn: lin
samaccountname: lin
userprincipalname: lin@rinrin.net

2022-10-07T15:07:57.087Z: Updating statistics for project 34
